Using pre-set license
Built from '2020.3/staging' branch; Version is '2020.3.28f1 (f5400f52e03f) revision 16072719'; Using compiler version '192528614'; Build Type 'Release'
OS: 'Windows 10  (10.0.19043) 64bit Core' Language: 'ja' Physical Memory: 32638 MB
BatchMode: 1, IsHumanControllingUs: 0, StartBugReporterOnCrash: 0, Is64bit: 1, IsPro: 0

COMMAND LINE ARGUMENTS:
C:\Program Files\Unity\Hub\Editor\2020.3.28f1\Editor\Unity.exe
-adb2
-batchMode
-noUpm
-name
AssetImportWorker0
-projectPath
C:/Users/asuka/OneDrive/デスクトップ/UnityTest/Sample
-logFile
Logs/AssetImportWorker0.log
-srvPort
61690
Successfully changed project path to: C:/Users/asuka/OneDrive/デスクトップ/UnityTest/Sample
C:/Users/asuka/OneDrive/デスクトップ/UnityTest/Sample
Using Asset Import Pipeline V2.
Refreshing native plugins compatible for Editor in 23.42 ms, found 2 plugins.
Preloading 0 native plugins for Editor in 0.00 ms.
Initialize engine version: 2020.3.28f1 (f5400f52e03f)
[Subsystems] Discovering subsystems at path C:/Program Files/Unity/Hub/Editor/2020.3.28f1/Editor/Data/Resources/UnitySubsystems
[Subsystems] Discovering subsystems at path C:/Users/asuka/OneDrive/デスクトップ/UnityTest/Sample/Assets
GfxDevice: creating device client; threaded=0
Direct3D:
    Version:  Direct3D 11.0 [level 11.1]
    Renderer: NVIDIA GeForce RTX 3070 (ID=0x2484)
    Vendor:   
    VRAM:     8043 MB
    Driver:   27.21.14.5751
Initialize mono
Mono path[0] = 'C:/Program Files/Unity/Hub/Editor/2020.3.28f1/Editor/Data/Managed'
Mono path[1] = 'C:/Program Files/Unity/Hub/Editor/2020.3.28f1/Editor/Data/MonoBleedingEdge/lib/mono/unityjit'
Mono config path = 'C:/Program Files/Unity/Hub/Editor/2020.3.28f1/Editor/Data/MonoBleedingEdge/etc'
Using monoOptions --debugger-agent=transport=dt_socket,embedding=1,server=y,suspend=n,address=127.0.0.1:56376
Begin MonoManager ReloadAssembly
Registering precompiled unity dll's ...
Register platform support module: C:/Program Files/Unity/Hub/Editor/2020.3.28f1/Editor/Data/PlaybackEngines/WebGLSupport/UnityEditor.WebGL.Extensions.dll
Register platform support module: C:/Program Files/Unity/Hub/Editor/2020.3.28f1/Editor/Data/PlaybackEngines/WindowsStandaloneSupport/UnityEditor.WindowsStandalone.Extensions.dll
Registered in 0.001709 seconds.
Native extension for WindowsStandalone target not found
Native extension for WebGL target not found
Refreshing native plugins compatible for Editor in 25.43 ms, found 2 plugins.
Preloading 0 native plugins for Editor in 0.00 ms.
Unable to find bridge dll in registry for Microsoft Visual Studio Tools for Unity for C:\Program Files (x86)\Microsoft Visual Studio\2019\Community\Common7\IDE\devenv.exe
Mono: successfully reloaded assembly
- Completed reload, in  0.462 seconds
Domain Reload Profiling:
	ReloadAssembly (462ms)
		BeginReloadAssembly (50ms)
			ExecutionOrderSort (0ms)
			DisableScriptedObjects (0ms)
			BackupInstance (0ms)
			ReleaseScriptingObjects (0ms)
			CreateAndSetChildDomain (1ms)
		EndReloadAssembly (357ms)
			LoadAssemblies (48ms)
			RebuildTransferFunctionScriptingTraits (0ms)
			SetupTypeCache (120ms)
			ReleaseScriptCaches (0ms)
			RebuildScriptCaches (23ms)
			SetupLoadedEditorAssemblies (130ms)
				LogAssemblyErrors (0ms)
				InitializePlatformSupportModulesInManaged (4ms)
				SetLoadedEditorAssemblies (0ms)
				RefreshPlugins (25ms)
				BeforeProcessingInitializeOnLoad (13ms)
				ProcessInitializeOnLoadAttributes (65ms)
				ProcessInitializeOnLoadMethodAttributes (23ms)
				AfterProcessingInitializeOnLoad (0ms)
				EditorAssembliesLoaded (0ms)
			ExecutionOrderSort2 (0ms)
			AwakeInstancesAfterBackupRestoration (0ms)
Platform modules already initialized, skipping
Registering precompiled user dll's ...
Registered in 0.002881 seconds.
Begin MonoManager ReloadAssembly
Native extension for WindowsStandalone target not found
Native extension for WebGL target not found
Refreshing native plugins compatible for Editor in 0.27 ms, found 2 plugins.
Preloading 0 native plugins for Editor in 0.00 ms.
Mono: successfully reloaded assembly
- Completed reload, in  0.794 seconds
Domain Reload Profiling:
	ReloadAssembly (795ms)
		BeginReloadAssembly (118ms)
			ExecutionOrderSort (0ms)
			DisableScriptedObjects (4ms)
			BackupInstance (0ms)
			ReleaseScriptingObjects (0ms)
			CreateAndSetChildDomain (15ms)
		EndReloadAssembly (630ms)
			LoadAssemblies (71ms)
			RebuildTransferFunctionScriptingTraits (0ms)
			SetupTypeCache (223ms)
			ReleaseScriptCaches (1ms)
			RebuildScriptCaches (32ms)
			SetupLoadedEditorAssemblies (234ms)
				LogAssemblyErrors (0ms)
				InitializePlatformSupportModulesInManaged (4ms)
				SetLoadedEditorAssemblies (0ms)
				RefreshPlugins (0ms)
				BeforeProcessingInitializeOnLoad (59ms)
				ProcessInitializeOnLoadAttributes (158ms)
				ProcessInitializeOnLoadMethodAttributes (7ms)
				AfterProcessingInitializeOnLoad (6ms)
				EditorAssembliesLoaded (0ms)
			ExecutionOrderSort2 (0ms)
			AwakeInstancesAfterBackupRestoration (5ms)
Platform modules already initialized, skipping
========================================================================
Worker process is ready to serve import requests
Launched and connected shader compiler UnityShaderCompiler.exe after 0.05 seconds
Refreshing native plugins compatible for Editor in 0.37 ms, found 2 plugins.
Preloading 0 native plugins for Editor in 0.00 ms.
Unloading 1502 Unused Serialized files (Serialized files now loaded: 0)
System memory in use before: 70.2 MB.
System memory in use after: 70.3 MB.

Unloading 19 unused Assets to reduce memory usage. Loaded Objects now: 1934.
Total: 2.226000 ms (FindLiveObjects: 0.116200 ms CreateObjectMapping: 0.056100 ms MarkObjects: 1.998000 ms  DeleteObjects: 0.054900 ms)

AssetImportParameters requested are different than current active one (requested -> active):
  custom:framework-win-MediaFoundation: 216162199b28c13a410421893ffa2e32 -> 
  custom:video-decoder-ogg-theora: a1e56fd34408186e4bbccfd4996cb3dc -> 
  custom:container-muxer-webm: aa71ff27fc2769a1b78a27578f13a17b -> 
  custom:container-demuxer-webm: 4f35f7cbe854078d1ac9338744f61a02 -> 
  custom:container-demuxer-ogg: 62fdf1f143b41e24485cea50d1cbac27 -> 
  custom:video-encoder-webm-vp8: eb34c28f22e8b96e1ab97ce403110664 -> 
  custom:video-decoder-webm-vp8: 9c59270c3fd7afecdb556c50c9e8de78 -> 
  custom:audio-decoder-ogg-vorbis: bf7c407c2cedff20999df2af8eb42d56 -> 
  custom:audio-encoder-webm-vorbis: bf7c407c2cedff20999df2af8eb42d56 -> 
========================================================================
Received Import Request.
  path: Assets/Scenes
  artifactKey: Guid(10be828605232644ab35af0c013f71ad) Importer(815301076,1909f56bfc062723c751e8b465ee728b)
Start importing Assets/Scenes using Guid(10be828605232644ab35af0c013f71ad) Importer(815301076,1909f56bfc062723c751e8b465ee728b)  -> (artifact id: 'eef3edea5de81fde71566f538e63d1e1') in 0.006203 seconds 
  Import took 0.007957 seconds .

========================================================================
Received Import Request.
  Time since last request: 20.238020 seconds.
  path: Assets/Scenes/AT12B
  artifactKey: Guid(57072c96e10e737448a66ec22e8b2f48) Importer(815301076,1909f56bfc062723c751e8b465ee728b)
Start importing Assets/Scenes/AT12B using Guid(57072c96e10e737448a66ec22e8b2f48) Importer(815301076,1909f56bfc062723c751e8b465ee728b)  -> (artifact id: '6feb7ef4880b33d4b067e5783181d5f6') in 0.005862 seconds 
  Import took 0.007773 seconds .

========================================================================
Received Import Request.
  Time since last request: 0.294216 seconds.
  path: Assets/Scenes/AT12C
  artifactKey: Guid(147516ac72cb93c4dacdd742ffa85adb) Importer(815301076,1909f56bfc062723c751e8b465ee728b)
Start importing Assets/Scenes/AT12C using Guid(147516ac72cb93c4dacdd742ffa85adb) Importer(815301076,1909f56bfc062723c751e8b465ee728b)  -> (artifact id: '287f10338c284fa11d0d02030208f8e3') in 0.005472 seconds 
  Import took 0.007354 seconds .

========================================================================
Received Import Request.
  Time since last request: 0.286027 seconds.
  path: Assets/Scenes/AT12D
  artifactKey: Guid(93c2bd32ac7b4c245963d2b72fd0aa48) Importer(815301076,1909f56bfc062723c751e8b465ee728b)
Start importing Assets/Scenes/AT12D using Guid(93c2bd32ac7b4c245963d2b72fd0aa48) Importer(815301076,1909f56bfc062723c751e8b465ee728b)  -> (artifact id: 'f0acdfb7bcc936ff3cbcf9b830d82564') in 0.004658 seconds 
  Import took 0.006451 seconds .

========================================================================
Received Import Request.
  Time since last request: 7.238539 seconds.
  path: Assets/Scenes/AT12D/HattoriSakuya
  artifactKey: Guid(15fe45b5340d8ce4ab53a3b7b609a3c7) Importer(815301076,1909f56bfc062723c751e8b465ee728b)
Start importing Assets/Scenes/AT12D/HattoriSakuya using Guid(15fe45b5340d8ce4ab53a3b7b609a3c7) Importer(815301076,1909f56bfc062723c751e8b465ee728b)  -> (artifact id: '009790fe89885bc087ecc3daae3dc769') in 0.004452 seconds 
  Import took 0.006274 seconds .

========================================================================
Received Import Request.
  Time since last request: 2.853205 seconds.
  path: Assets/Scenes/AT12D/Yoshihara Asuka
  artifactKey: Guid(d9c3ace3529d9b04cb3844ad54f8e0f3) Importer(815301076,1909f56bfc062723c751e8b465ee728b)
Start importing Assets/Scenes/AT12D/Yoshihara Asuka using Guid(d9c3ace3529d9b04cb3844ad54f8e0f3) Importer(815301076,1909f56bfc062723c751e8b465ee728b)  -> (artifact id: '2d2c011b242bc27a4210de88f4100329') in 0.004313 seconds 
  Import took 0.006295 seconds .

========================================================================
Received Import Request.
  Time since last request: 39.264558 seconds.
  path: Assets/Scenes/AT12D/Yoshihara Asuka/PlayerScene.unity
  artifactKey: Guid(78f2deeb11ac09048b510a20dfaf5f4e) Importer(815301076,1909f56bfc062723c751e8b465ee728b)
Start importing Assets/Scenes/AT12D/Yoshihara Asuka/PlayerScene.unity using Guid(78f2deeb11ac09048b510a20dfaf5f4e) Importer(815301076,1909f56bfc062723c751e8b465ee728b)  -> (artifact id: '84457931a92d5370d6428c4a46e8b243') in 0.010124 seconds 
  Import took 0.011912 seconds .

========================================================================
Received Import Request.
  Time since last request: 15.852173 seconds.
  path: Assets/Scenes/AT12B/FujiyamaRiku
  artifactKey: Guid(35f6af8259d8fb94f968b4a15bd4679a) Importer(815301076,1909f56bfc062723c751e8b465ee728b)
Start importing Assets/Scenes/AT12B/FujiyamaRiku using Guid(35f6af8259d8fb94f968b4a15bd4679a) Importer(815301076,1909f56bfc062723c751e8b465ee728b)  -> (artifact id: 'b2bc38d0c2c7680d251af6cdcff8894b') in 0.004764 seconds 
  Import took 0.006585 seconds .

========================================================================
Received Import Request.
  Time since last request: 1.045766 seconds.
  path: Assets/Scenes/AT12B/FujiyamaRiku/Tester.unity
  artifactKey: Guid(ed41be7e4d608a645892c6cde730420f) Importer(815301076,1909f56bfc062723c751e8b465ee728b)
Start importing Assets/Scenes/AT12B/FujiyamaRiku/Tester.unity using Guid(ed41be7e4d608a645892c6cde730420f) Importer(815301076,1909f56bfc062723c751e8b465ee728b)  -> (artifact id: '52064359ce2f368232c90bb5bddab8bb') in 0.004567 seconds 
  Import took 0.006550 seconds .

AssetImportWorkerClient::OnTransportError - code=2 error=End of file
